


ARM Macro Assembler    Page 1 


    1 00000000         
    2 00000000         
    3 00000000         
    4 00000000         ;/******************************************************
                       ********************//**
    5 00000000         ; * @file     startup_ARMCM3.s
    6 00000000         ; * @brief    CMSIS Core Device Startup File for
    7 00000000         ; *           ARMCM3 Device Series
    8 00000000         ; * @version  V1.08
    9 00000000         ; * @date     23. November 2012
   10 00000000         ; *
   11 00000000         ; * @note
   12 00000000         ; *
   13 00000000         ; ******************************************************
                       ************************/
   14 00000000         ;/* Copyright (c) 2011 - 2012 ARM LIMITED
   15 00000000         ;
   16 00000000         ;   All rights reserved.
   17 00000000         ;   Redistribution and use in source and binary forms, w
                       ith or without
   18 00000000         ;   modification, are permitted provided that the follow
                       ing conditions are met:
   19 00000000         ;   - Redistributions of source code must retain the abo
                       ve copyright
   20 00000000         ;     notice, this list of conditions and the following 
                       disclaimer.
   21 00000000         ;   - Redistributions in binary form must reproduce the 
                       above copyright
   22 00000000         ;     notice, this list of conditions and the following 
                       disclaimer in the
   23 00000000         ;     documentation and/or other materials provided with
                        the distribution.
   24 00000000         ;   - Neither the name of ARM nor the names of its contr
                       ibutors may be used
   25 00000000         ;     to endorse or promote products derived from this s
                       oftware without
   26 00000000         ;     specific prior written permission.
   27 00000000         ;   *
   28 00000000         ;   THIS SOFTWARE IS PROVIDED BY THE COPYRIGHT HOLDERS A
                       ND CONTRIBUTORS "AS IS"
   29 00000000         ;   AND ANY EXPRESS OR IMPLIED WARRANTIES, INCLUDING, BU
                       T NOT LIMITED TO, THE
   30 00000000         ;   IMPLIED WARRANTIES OF MERCHANTABILITY AND FITNESS FO
                       R A PARTICULAR PURPOSE
   31 00000000         ;   ARE DISCLAIMED. IN NO EVENT SHALL COPYRIGHT HOLDERS 
                       AND CONTRIBUTORS BE
   32 00000000         ;   LIABLE FOR ANY DIRECT, INDIRECT, INCIDENTAL, SPECIAL
                       , EXEMPLARY, OR
   33 00000000         ;   CONSEQUENTIAL DAMAGES (INCLUDING, BUT NOT LIMITED TO
                       , PROCUREMENT OF
   34 00000000         ;   SUBSTITUTE GOODS OR SERVICES; LOSS OF USE, DATA, OR 
                       PROFITS; OR BUSINESS
   35 00000000         ;   INTERRUPTION) HOWEVER CAUSED AND ON ANY THEORY OF LI
                       ABILITY, WHETHER IN
   36 00000000         ;   CONTRACT, STRICT LIABILITY, OR TORT (INCLUDING NEGLI
                       GENCE OR OTHERWISE)
   37 00000000         ;   ARISING IN ANY WAY OUT OF THE USE OF THIS SOFTWARE, 
                       EVEN IF ADVISED OF THE
   38 00000000         ;   POSSIBILITY OF SUCH DAMAGE.



ARM Macro Assembler    Page 2 


   39 00000000         ;   ----------------------------------------------------
                       -----------------------*/
   40 00000000         ;/*
   41 00000000         ;//-------- <<< Use Configuration Wizard in Context Menu
                        >>> ------------------
   42 00000000         ;*/
   43 00000000         
   44 00000000         
   45 00000000         ; <h> Stack Configuration
   46 00000000         ;   <o> Stack Size (in Bytes) <0x0-0xFFFFFFFF:8>
   47 00000000         ; </h>
   48 00000000 00001000 
                       Stack_Size
                               EQU              0x00001000
   49 00000000                 EXPORT           Stack_Size
   50 00000000         
   51 00000000                 AREA             STACK, NOINIT, READWRITE, ALIGN
=3
   52 00000000         Stack_Mem
                               SPACE            Stack_Size
   53 00001000         __initial_sp
   54 00001000         
   55 00001000         
   56 00001000         ; <h> Heap Configuration
   57 00001000         ;   <o>  Heap Size (in Bytes) <0x0-0xFFFFFFFF:8>
   58 00001000         ; </h>
   59 00001000 00001000 
                       Heap_Size
                               EQU              0x00001000
   60 00001000         
   61 00001000                 AREA             HEAP, NOINIT, READWRITE, ALIGN=
3
   62 00000000         __heap_base
   63 00000000         Heap_Mem
                               SPACE            Heap_Size
   64 00001000         __heap_limit
   65 00001000         
   66 00001000         
   67 00001000                 PRESERVE8
   68 00001000                 THUMB
   69 00001000         
   70 00001000         
   71 00001000         ; Vector Table Mapped to Address 0 at Reset
   72 00001000         
   73 00001000                 AREA             RESET, DATA, READONLY
   74 00000000                 EXPORT           __Vectors
   75 00000000                 EXPORT           __Vectors_End
   76 00000000                 EXPORT           __Vectors_Size
   77 00000000         
   78 00000000 00000000 
                       __Vectors
                               DCD              __initial_sp ; Top of Stack
   79 00000004 00000000        DCD              Reset_Handler ; Reset Handler
   80 00000008 00000000        DCD              NMI_Handler ; NMI Handler/WDT0/
                                                            WDT1
   81 0000000C 00000000        DCD              HardFault_Handler ; Hard Fault 
                                                            Handler
   82 00000010 00000000        DCD              MemManage_Handler 
                                                            ; MPU Fault Handler



ARM Macro Assembler    Page 3 


                                                            
   83 00000014 00000000        DCD              BusFault_Handler 
                                                            ; Bus Fault Handler
                                                            
   84 00000018 00000000        DCD              UsageFault_Handler ; Usage Faul
                                                            t Handler
   85 0000001C 00000000        DCD              0           ; Reserved
   86 00000020 00000000        DCD              0           ; Reserved
   87 00000024 00000000        DCD              0           ; Reserved
   88 00000028 00000000        DCD              0           ; Reserved
   89 0000002C 00000000        DCD              SVC_Handler ; SVCall Handler
   90 00000030 00000000        DCD              DebugMon_Handler ; Debug Monito
                                                            r Handler
   91 00000034 00000000        DCD              0           ; Reserved
   92 00000038 00000000        DCD              PendSV_Handler ; PendSV Handler
                                                            
   93 0000003C 00000000        DCD              SysTick_Handler 
                                                            ; SysTick Handler
   94 00000040         
   95 00000040         ; External Interrupts
   96 00000040 00000000        DCD              Core0_Issue_IRQHandler ; 16+ 0:
                                                             M3_0 dual core
   97 00000044 00000000        DCD              Core1_Issue_IRQHandler ; 16+ 1:
                                                             M3_1 dual core
   98 00000048 00000000        DCD              RTC_IRQHandler ; 16+ 2: RTC
   99 0000004C 00000000        DCD              WKP_IRQHandler ; 16+ 3: WKP
  100 00000050 00000000        DCD              PPU_VBLK_IRQHandler 
                                                            ; 16+ 4: PPU_VBLK
  101 00000054 00000000        DCD              PPU_HBLK_IRQHandler 
                                                            ; 16+ 5: PPU_HBLK
  102 00000058 00000000        DCD              USBDEV_IRQHandler 
                                                            ; 16+ 6: USBDEV
  103 0000005C 00000000        DCD              USB_HOST0_IRQHandler 
                                                            ; 16+ 7: USB_HOST0
  104 00000060 00000000        DCD              USB_HOST1_IRQHandler 
                                                            ; 16+ 8: USB_HOST1
  105 00000064 00000000        DCD              SAR_ADC_IRQHandler 
                                                            ; 16+ 9: SAR_ADC
  106 00000068 00000000        DCD              CIS_VSYNC_IRQHandler 
                                                            ; 16+10: CIS_VSYNC
  107 0000006C 00000000        DCD              CIS_DMA_IRQHandler 
                                                            ; 16+11: CIS_DMA
  108 00000070 00000000        DCD              JPEG_ENC_END_IRQHandler ; 16+12
                                                            : JPEG_ENC_DMA
  109 00000074 00000000        DCD              JPEG_DEC_DMA_IN_IRQHandler ; 16
                                                            +13: JPEG_DEC_IN_DM
                                                            A
  110 00000078 00000000        DCD              JPEG_DEC_DMA_OUT_IRQHandler ; 1
                                                            6+14: JPEG_DEC_OUT_
                                                            DMA
  111 0000007C 00000000        DCD              SDIO_IRQHandler ; 16+15: SDIO
  112 00000080 00000000        DCD              SDIO_DMA_IRQHandler 
                                                            ; 16+16: SDIO_DMA
  113 00000084 00000000        DCD              NFECC_IRQHandler 
                                                            ; 16+17: NF ECC
  114 00000088 00000000        DCD              SDNF_DMA_IRQHandler ; 16+18: DM
                                                            A SDCARD | NF
  115 0000008C 00000000        DCD              IDMA0_IRQHandler ; 16+19: IDMA0
                                                            



ARM Macro Assembler    Page 4 


  116 00000090 00000000        DCD              IDMA1_IRQHandler ; 16+20: IDMA1
                                                            
  117 00000094 00000000        DCD              I2S0_DMA_IRQHandler 
                                                            ; 16+21: I2S0_DMA
  118 00000098 00000000        DCD              I2S1_DMA_IRQHandler 
                                                            ; 16+22: I2S1_DMA
  119 0000009C 00000000        DCD              I2S2_DMA_IRQHandler 
                                                            ; 16+23: I2S2_DMA
  120 000000A0 00000000        DCD              I2S3_DMA_IRQHandler 
                                                            ; 16+24: I2S3_DMA
  121 000000A4 00000000        DCD              I2S4_IRQHandler ; 16+25: I2S4
  122 000000A8 00000000        DCD              GPIO0_IRQHandler ; 16+26: GPIO0
                                                            
  123 000000AC 00000000        DCD              GPIO1_IRQHandler ; 16+27: GPIO1
                                                            
  124 000000B0 00000000        DCD              GPIO2_IRQHandler ; 16+28: GPIO2
                                                            
  125 000000B4 00000000        DCD              GPIO3_IRQHandler ; 16+29: GPIO3
                                                            
  126 000000B8 00000000        DCD              GPIO4_IRQHandler ; 16+30: GPIO4
                                                            
  127 000000BC 00000000        DCD              I2C0_IRQHandler ; 16+31: I2C0
  128 000000C0 00000000        DCD              I2C1_IRQHandler ; 16+32: I2C1
  129 000000C4 00000000        DCD              I2C2_IRQHandler ; 16+33: I2C2
  130 000000C8 00000000        DCD              SPI0_IRQHandler ; 16+34: SPI0
  131 000000CC 00000000        DCD              SPI1_IRQHandler ; 16+35: SPI1
  132 000000D0 00000000        DCD              UART0_IRQHandler ; 16+36: UART0
                                                            
  133 000000D4 00000000        DCD              UART1_IRQHandler ; 16+37: UART1
                                                            
  134 000000D8 00000000        DCD              CT32B0_IRQHandler 
                                                            ; 16+38: CT32B0
  135 000000DC 00000000        DCD              CT32B1_IRQHandler 
                                                            ; 16+39: CT32B1
  136 000000E0 00000000        DCD              CT32B2_IRQHandler 
                                                            ; 16+40: CT32B2
  137 000000E4 00000000        DCD              CT32B3_IRQHandler 
                                                            ; 16+41: CT32B3
  138 000000E8 00000000        DCD              CT32B4_IRQHandler 
                                                            ; 16+42: CT32B4
  139 000000EC 00000000        DCD              CT32B5_IRQHandler 
                                                            ; 16+43: CT32B5
  140 000000F0 00000000        DCD              CT32B6_IRQHandler 
                                                            ; 16+44: CT32B6
  141 000000F4 00000000        DCD              CT32B7_IRQHandler 
                                                            ; 16+45: CT32B7
  142 000000F8 00000000        DCD              SPI0_DMA_IRQHandler 
                                                            ; 16+46: SPI0_DMA
  143 000000FC 00000000        DCD              SPI0_ECC_IRQHandler 
                                                            ; 16+47: SPI0_ECC
  144 00000100 00000000        DCD              SPI1_DMA_IRQHandler 
                                                            ; 16+48: SPI1_DMA
  145 00000104 00000000        DCD              SPI1_ECC_IRQHandler 
                                                            ; 16+49: SPI1_ECC
  146 00000108 00000000        DCD              CSC_DMA_IN_IRQHandler 
                                                            ; 16+50: CSC_DMA_IN
                                                            
  147 0000010C 00000000        DCD              CSC_DMA_OUT_IRQHandler ; 16+51:
                                                             CSC_DMA_OUT



ARM Macro Assembler    Page 5 


  148 00000110 00000000        DCD              SCRIPT_IRQHandler 
                                                            ; 16+52: SCRIPT
  149 00000114 00000000        DCD              CRC16_IRQHandler ; 16+53: CRC16
                                                            
  150 00000118 00000000        DCD              USB_suspend_IRQHandler ; 16+54:
                                                             USB suspend
  151 0000011C 00000000        DCD              JPEG_ENC_DMA_IN_IRQHandler ; 16
                                                            +55: JPEG_ENC_IN_DM
                                                            A
  152 00000120 00000000        DCD              JPEG_ENC_DMA_OUT_IRQHandler ; 1
                                                            6+56: JPEG_ENC_OUT_
                                                            DMA
  153 00000124         __Vectors_End
  154 00000124         
  155 00000124 00000124 
                       __Vectors_Size
                               EQU              __Vectors_End - __Vectors
  156 00000124         
  157 00000124                 AREA             |.text|, CODE, READONLY
  158 00000000         
  159 00000000         
  160 00000000         ; Reset Handler
  161 00000000         
  162 00000000         Reset_Handler
                               PROC
  163 00000000                 EXPORT           Reset_Handler             [WEAK
]
  164 00000000                 IMPORT           System_Init
  165 00000000                 IMPORT           __main
  166 00000000         
  167 00000000         ;Reload SP(R13) to correct jump info
  168 00000000 F64E 5008 
              F2CE 0000        MOV32            R0,#0xE000ED08
  169 00000008 6800            LDR              R0,[R0]
  170 0000000A F8D0 D000       LDR              R13,[R0]
  171 0000000E         
  172 0000000E 480A            LDR              R0, =System_Init
  173 00000010 4780            BLX              R0
  174 00000012 480A            LDR              R0, =__main
  175 00000014 4700            BX               R0
  176 00000016                 ENDP
  177 00000016         
  178 00000016         ;Prevent from not implement
  179 00000016         WKP_IRQHandler
                               PROC
  180 00000016                 EXPORT           WKP_IRQHandler            [WEAK
]
  181 00000016 4770            BX               LR
  182 00000018                 ENDP
  183 00000018         
  184 00000018         ; Dummy Exception Handlers (infinite loops which can be 
                       modified)
  185 00000018         
  186 00000018         NMI_Handler
                               PROC
  187 00000018                 EXPORT           NMI_Handler               [WEAK
]
  188 00000018 E7FE            B                .
  189 0000001A                 ENDP



ARM Macro Assembler    Page 6 


  191 0000001A         HardFault_Handler
                               PROC
  192 0000001A                 EXPORT           HardFault_Handler         [WEAK
]
  193 0000001A E7FE            B                .
  194 0000001C                 ENDP
  196 0000001C         MemManage_Handler
                               PROC
  197 0000001C                 EXPORT           MemManage_Handler         [WEAK
]
  198 0000001C E7FE            B                .
  199 0000001E                 ENDP
  201 0000001E         BusFault_Handler
                               PROC
  202 0000001E                 EXPORT           BusFault_Handler          [WEAK
]
  203 0000001E E7FE            B                .
  204 00000020                 ENDP
  206 00000020         UsageFault_Handler
                               PROC
  207 00000020                 EXPORT           UsageFault_Handler        [WEAK
]
  208 00000020 E7FE            B                .
  209 00000022                 ENDP
  210 00000022         SVC_Handler
                               PROC
  211 00000022                 EXPORT           SVC_Handler               [WEAK
]
  212 00000022 E7FE            B                .
  213 00000024                 ENDP
  215 00000024         DebugMon_Handler
                               PROC
  216 00000024                 EXPORT           DebugMon_Handler          [WEAK
]
  217 00000024 E7FE            B                .
  218 00000026                 ENDP
  219 00000026         PendSV_Handler
                               PROC
  220 00000026                 EXPORT           PendSV_Handler            [WEAK
]
  221 00000026 E7FE            B                .
  222 00000028                 ENDP
  223 00000028         SysTick_Handler
                               PROC
  224 00000028                 EXPORT           SysTick_Handler           [WEAK
]
  225 00000028 E7FE            B                .
  226 0000002A                 ENDP
  227 0000002A         
  228 0000002A         Default_Handler
                               PROC
  229 0000002A         
  230 0000002A                 EXPORT           Core0_Issue_IRQHandler   [WEAK]
  231 0000002A                 EXPORT           Core1_Issue_IRQHandler   [WEAK]
  232 0000002A                 EXPORT           RTC_IRQHandler     [WEAK]
  233 0000002A         ;    EXPORT WKP_IRQHandler        [WEAK]
  234 0000002A                 EXPORT           PPU_VBLK_IRQHandler    [WEAK]
  235 0000002A                 EXPORT           PPU_HBLK_IRQHandler    [WEAK]
  236 0000002A                 EXPORT           USBDEV_IRQHandler    [WEAK]



ARM Macro Assembler    Page 7 


  237 0000002A                 EXPORT           USB_HOST0_IRQHandler   [WEAK]
  238 0000002A                 EXPORT           USB_HOST1_IRQHandler   [WEAK]
  239 0000002A                 EXPORT           SAR_ADC_IRQHandler    [WEAK]
  240 0000002A                 EXPORT           CIS_VSYNC_IRQHandler   [WEAK]
  241 0000002A                 EXPORT           CIS_DMA_IRQHandler    [WEAK]
  242 0000002A                 EXPORT           JPEG_ENC_END_IRQHandler   [WEAK
]
  243 0000002A                 EXPORT           JPEG_DEC_DMA_IN_IRQHandler  [WE
AK]
  244 0000002A                 EXPORT           JPEG_DEC_DMA_OUT_IRQHandler  [W
EAK]
  245 0000002A                 EXPORT           SDIO_IRQHandler     [WEAK]
  246 0000002A                 EXPORT           SDIO_DMA_IRQHandler    [WEAK]
  247 0000002A                 EXPORT           NFECC_IRQHandler    [WEAK]
  248 0000002A                 EXPORT           SDNF_DMA_IRQHandler    [WEAK]
  249 0000002A                 EXPORT           IDMA0_IRQHandler    [WEAK]
  250 0000002A                 EXPORT           IDMA1_IRQHandler    [WEAK]
  251 0000002A                 EXPORT           I2S0_DMA_IRQHandler    [WEAK]
  252 0000002A                 EXPORT           I2S1_DMA_IRQHandler    [WEAK]
  253 0000002A                 EXPORT           I2S2_DMA_IRQHandler    [WEAK]
  254 0000002A                 EXPORT           I2S3_DMA_IRQHandler    [WEAK]
  255 0000002A                 EXPORT           I2S4_IRQHandler     [WEAK]
  256 0000002A                 EXPORT           GPIO0_IRQHandler    [WEAK]
  257 0000002A                 EXPORT           GPIO1_IRQHandler    [WEAK]
  258 0000002A                 EXPORT           GPIO2_IRQHandler    [WEAK]
  259 0000002A                 EXPORT           GPIO3_IRQHandler    [WEAK]
  260 0000002A                 EXPORT           GPIO4_IRQHandler    [WEAK]
  261 0000002A                 EXPORT           I2C0_IRQHandler     [WEAK]
  262 0000002A                 EXPORT           I2C1_IRQHandler     [WEAK]
  263 0000002A                 EXPORT           I2C2_IRQHandler     [WEAK]
  264 0000002A                 EXPORT           SPI0_IRQHandler     [WEAK]
  265 0000002A                 EXPORT           SPI1_IRQHandler     [WEAK]
  266 0000002A                 EXPORT           UART0_IRQHandler    [WEAK]
  267 0000002A                 EXPORT           UART1_IRQHandler    [WEAK]
  268 0000002A                 EXPORT           CT32B0_IRQHandler    [WEAK]
  269 0000002A                 EXPORT           CT32B1_IRQHandler    [WEAK]
  270 0000002A                 EXPORT           CT32B2_IRQHandler    [WEAK]
  271 0000002A                 EXPORT           CT32B3_IRQHandler    [WEAK]
  272 0000002A                 EXPORT           CT32B4_IRQHandler    [WEAK]
  273 0000002A                 EXPORT           CT32B5_IRQHandler    [WEAK]
  274 0000002A                 EXPORT           CT32B6_IRQHandler    [WEAK]
  275 0000002A                 EXPORT           CT32B7_IRQHandler    [WEAK]
  276 0000002A                 EXPORT           SPI0_DMA_IRQHandler    [WEAK]
  277 0000002A                 EXPORT           SPI0_ECC_IRQHandler    [WEAK]
  278 0000002A                 EXPORT           SPI1_DMA_IRQHandler    [WEAK]
  279 0000002A                 EXPORT           SPI1_ECC_IRQHandler    [WEAK]
  280 0000002A                 EXPORT           CSC_DMA_IN_IRQHandler   [WEAK]
  281 0000002A                 EXPORT           CSC_DMA_OUT_IRQHandler   [WEAK]
  282 0000002A                 EXPORT           SCRIPT_IRQHandler    [WEAK]
  283 0000002A                 EXPORT           CRC16_IRQHandler    [WEAK]
  284 0000002A                 EXPORT           USB_suspend_IRQHandler   [WEAK]
  285 0000002A                 EXPORT           JPEG_ENC_DMA_IN_IRQHandler  [WE
AK]
  286 0000002A                 EXPORT           JPEG_ENC_DMA_OUT_IRQHandler  [W
EAK]
  287 0000002A         
  288 0000002A         Core0_Issue_IRQHandler
  289 0000002A         Core1_Issue_IRQHandler
  290 0000002A         RTC_IRQHandler



ARM Macro Assembler    Page 8 


  291 0000002A         ;WKP_IRQHandler
  292 0000002A         PPU_VBLK_IRQHandler
  293 0000002A         PPU_HBLK_IRQHandler
  294 0000002A         USBDEV_IRQHandler
  295 0000002A         USB_HOST0_IRQHandler
  296 0000002A         USB_HOST1_IRQHandler
  297 0000002A         SAR_ADC_IRQHandler
  298 0000002A         CIS_VSYNC_IRQHandler
  299 0000002A         CIS_DMA_IRQHandler
  300 0000002A         JPEG_ENC_END_IRQHandler
  301 0000002A         JPEG_DEC_DMA_IN_IRQHandler
  302 0000002A         JPEG_DEC_DMA_OUT_IRQHandler
  303 0000002A         SDIO_IRQHandler
  304 0000002A         SDIO_DMA_IRQHandler
  305 0000002A         NFECC_IRQHandler
  306 0000002A         SDNF_DMA_IRQHandler
  307 0000002A         IDMA0_IRQHandler
  308 0000002A         IDMA1_IRQHandler
  309 0000002A         I2S0_DMA_IRQHandler
  310 0000002A         I2S1_DMA_IRQHandler
  311 0000002A         I2S2_DMA_IRQHandler
  312 0000002A         I2S3_DMA_IRQHandler
  313 0000002A         I2S4_IRQHandler
  314 0000002A         GPIO0_IRQHandler
  315 0000002A         GPIO1_IRQHandler
  316 0000002A         GPIO2_IRQHandler
  317 0000002A         GPIO3_IRQHandler
  318 0000002A         GPIO4_IRQHandler
  319 0000002A         I2C0_IRQHandler
  320 0000002A         I2C1_IRQHandler
  321 0000002A         I2C2_IRQHandler
  322 0000002A         SPI0_IRQHandler
  323 0000002A         SPI1_IRQHandler
  324 0000002A         UART0_IRQHandler
  325 0000002A         UART1_IRQHandler
  326 0000002A         CT32B0_IRQHandler
  327 0000002A         CT32B1_IRQHandler
  328 0000002A         CT32B2_IRQHandler
  329 0000002A         CT32B3_IRQHandler
  330 0000002A         CT32B4_IRQHandler
  331 0000002A         CT32B5_IRQHandler
  332 0000002A         CT32B6_IRQHandler
  333 0000002A         CT32B7_IRQHandler
  334 0000002A         SPI0_DMA_IRQHandler
  335 0000002A         SPI0_ECC_IRQHandler
  336 0000002A         SPI1_DMA_IRQHandler
  337 0000002A         SPI1_ECC_IRQHandler
  338 0000002A         CSC_DMA_IN_IRQHandler
  339 0000002A         CSC_DMA_OUT_IRQHandler
  340 0000002A         SCRIPT_IRQHandler
  341 0000002A         CRC16_IRQHandler
  342 0000002A         USB_suspend_IRQHandler
  343 0000002A         JPEG_ENC_DMA_IN_IRQHandler
  344 0000002A         JPEG_ENC_DMA_OUT_IRQHandler
  345 0000002A         
  346 0000002A E7FE            B                .
  347 0000002C         
  348 0000002C                 ENDP
  349 0000002C         



ARM Macro Assembler    Page 9 


  350 0000002C         
  351 0000002C                 ALIGN
  352 0000002C         
  353 0000002C         
  354 0000002C         ; User Initial Stack & Heap
  355 0000002C         
  356 0000002C                 IF               :DEF:__MICROLIB
  363 0000002C         
  364 0000002C                 IMPORT           __use_two_region_memory
  365 0000002C                 EXPORT           __user_initial_stackheap
  366 0000002C         
  367 0000002C         __user_initial_stackheap
                               PROC
  368 0000002C 4804            LDR              R0, =  Heap_Mem
  369 0000002E 4905            LDR              R1, =(Stack_Mem + Stack_Size)
  370 00000030 4A05            LDR              R2, = (Heap_Mem +  Heap_Size)
  371 00000032 4B06            LDR              R3, = Stack_Mem
  372 00000034 4770            BX               LR
  373 00000036                 ENDP
  374 00000036         
  375 00000036 00 00           ALIGN
  376 00000038         
  377 00000038                 ENDIF
  378 00000038         
  379 00000038         
  380 00000038                 END
              00000000 
              00000000 
              00000000 
              00001000 
              00001000 
              00000000 
Command Line: --debug --xref --diag_suppress=9931 --cpu=Cortex-M3 --apcs=interw
ork --depend=.\obj\startup.d -o.\obj\startup.o -IC:\Keil_v5\ARM\RV31\INC -IC:\K
eil_v5\ARM\CMSIS\Include --predefine="__UVISION_VERSION SETA 521" --list=.\list
ing\startup.lst ..\..\..\..\bsp\startup.s



ARM Macro Assembler    Page 1 Alphabetic symbol ordering
Relocatable symbols

STACK 00000000

Symbol: STACK
   Definitions
      At line 51 in file ..\..\..\..\bsp\startup.s
   Uses
      None
Comment: STACK unused
Stack_Mem 00000000

Symbol: Stack_Mem
   Definitions
      At line 52 in file ..\..\..\..\bsp\startup.s
   Uses
      At line 369 in file ..\..\..\..\bsp\startup.s
      At line 371 in file ..\..\..\..\bsp\startup.s

__initial_sp 00001000

Symbol: __initial_sp
   Definitions
      At line 53 in file ..\..\..\..\bsp\startup.s
   Uses
      At line 78 in file ..\..\..\..\bsp\startup.s
Comment: __initial_sp used once
3 symbols



ARM Macro Assembler    Page 1 Alphabetic symbol ordering
Relocatable symbols

HEAP 00000000

Symbol: HEAP
   Definitions
      At line 61 in file ..\..\..\..\bsp\startup.s
   Uses
      None
Comment: HEAP unused
Heap_Mem 00000000

Symbol: Heap_Mem
   Definitions
      At line 63 in file ..\..\..\..\bsp\startup.s
   Uses
      At line 368 in file ..\..\..\..\bsp\startup.s
      At line 370 in file ..\..\..\..\bsp\startup.s

__heap_base 00000000

Symbol: __heap_base
   Definitions
      At line 62 in file ..\..\..\..\bsp\startup.s
   Uses
      None
Comment: __heap_base unused
__heap_limit 00001000

Symbol: __heap_limit
   Definitions
      At line 64 in file ..\..\..\..\bsp\startup.s
   Uses
      None
Comment: __heap_limit unused
4 symbols



ARM Macro Assembler    Page 1 Alphabetic symbol ordering
Relocatable symbols

RESET 00000000

Symbol: RESET
   Definitions
      At line 73 in file ..\..\..\..\bsp\startup.s
   Uses
      None
Comment: RESET unused
__Vectors 00000000

Symbol: __Vectors
   Definitions
      At line 78 in file ..\..\..\..\bsp\startup.s
   Uses
      At line 74 in file ..\..\..\..\bsp\startup.s
      At line 155 in file ..\..\..\..\bsp\startup.s

__Vectors_End 00000124

Symbol: __Vectors_End
   Definitions
      At line 153 in file ..\..\..\..\bsp\startup.s
   Uses
      At line 75 in file ..\..\..\..\bsp\startup.s
      At line 155 in file ..\..\..\..\bsp\startup.s

3 symbols



ARM Macro Assembler    Page 1 Alphabetic symbol ordering
Relocatable symbols

.text 00000000

Symbol: .text
   Definitions
      At line 157 in file ..\..\..\..\bsp\startup.s
   Uses
      None
Comment: .text unused
BusFault_Handler 0000001E

Symbol: BusFault_Handler
   Definitions
      At line 201 in file ..\..\..\..\bsp\startup.s
   Uses
      At line 83 in file ..\..\..\..\bsp\startup.s
      At line 202 in file ..\..\..\..\bsp\startup.s

CIS_DMA_IRQHandler 0000002A

Symbol: CIS_DMA_IRQHandler
   Definitions
      At line 299 in file ..\..\..\..\bsp\startup.s
   Uses
      At line 107 in file ..\..\..\..\bsp\startup.s
      At line 241 in file ..\..\..\..\bsp\startup.s

CIS_VSYNC_IRQHandler 0000002A

Symbol: CIS_VSYNC_IRQHandler
   Definitions
      At line 298 in file ..\..\..\..\bsp\startup.s
   Uses
      At line 106 in file ..\..\..\..\bsp\startup.s
      At line 240 in file ..\..\..\..\bsp\startup.s

CRC16_IRQHandler 0000002A

Symbol: CRC16_IRQHandler
   Definitions
      At line 341 in file ..\..\..\..\bsp\startup.s
   Uses
      At line 149 in file ..\..\..\..\bsp\startup.s
      At line 283 in file ..\..\..\..\bsp\startup.s

CSC_DMA_IN_IRQHandler 0000002A

Symbol: CSC_DMA_IN_IRQHandler
   Definitions
      At line 338 in file ..\..\..\..\bsp\startup.s
   Uses
      At line 146 in file ..\..\..\..\bsp\startup.s
      At line 280 in file ..\..\..\..\bsp\startup.s

CSC_DMA_OUT_IRQHandler 0000002A

Symbol: CSC_DMA_OUT_IRQHandler
   Definitions
      At line 339 in file ..\..\..\..\bsp\startup.s
   Uses



ARM Macro Assembler    Page 2 Alphabetic symbol ordering
Relocatable symbols

      At line 147 in file ..\..\..\..\bsp\startup.s
      At line 281 in file ..\..\..\..\bsp\startup.s

CT32B0_IRQHandler 0000002A

Symbol: CT32B0_IRQHandler
   Definitions
      At line 326 in file ..\..\..\..\bsp\startup.s
   Uses
      At line 134 in file ..\..\..\..\bsp\startup.s
      At line 268 in file ..\..\..\..\bsp\startup.s

CT32B1_IRQHandler 0000002A

Symbol: CT32B1_IRQHandler
   Definitions
      At line 327 in file ..\..\..\..\bsp\startup.s
   Uses
      At line 135 in file ..\..\..\..\bsp\startup.s
      At line 269 in file ..\..\..\..\bsp\startup.s

CT32B2_IRQHandler 0000002A

Symbol: CT32B2_IRQHandler
   Definitions
      At line 328 in file ..\..\..\..\bsp\startup.s
   Uses
      At line 136 in file ..\..\..\..\bsp\startup.s
      At line 270 in file ..\..\..\..\bsp\startup.s

CT32B3_IRQHandler 0000002A

Symbol: CT32B3_IRQHandler
   Definitions
      At line 329 in file ..\..\..\..\bsp\startup.s
   Uses
      At line 137 in file ..\..\..\..\bsp\startup.s
      At line 271 in file ..\..\..\..\bsp\startup.s

CT32B4_IRQHandler 0000002A

Symbol: CT32B4_IRQHandler
   Definitions
      At line 330 in file ..\..\..\..\bsp\startup.s
   Uses
      At line 138 in file ..\..\..\..\bsp\startup.s
      At line 272 in file ..\..\..\..\bsp\startup.s

CT32B5_IRQHandler 0000002A

Symbol: CT32B5_IRQHandler
   Definitions
      At line 331 in file ..\..\..\..\bsp\startup.s
   Uses
      At line 139 in file ..\..\..\..\bsp\startup.s
      At line 273 in file ..\..\..\..\bsp\startup.s

CT32B6_IRQHandler 0000002A




ARM Macro Assembler    Page 3 Alphabetic symbol ordering
Relocatable symbols

Symbol: CT32B6_IRQHandler
   Definitions
      At line 332 in file ..\..\..\..\bsp\startup.s
   Uses
      At line 140 in file ..\..\..\..\bsp\startup.s
      At line 274 in file ..\..\..\..\bsp\startup.s

CT32B7_IRQHandler 0000002A

Symbol: CT32B7_IRQHandler
   Definitions
      At line 333 in file ..\..\..\..\bsp\startup.s
   Uses
      At line 141 in file ..\..\..\..\bsp\startup.s
      At line 275 in file ..\..\..\..\bsp\startup.s

Core0_Issue_IRQHandler 0000002A

Symbol: Core0_Issue_IRQHandler
   Definitions
      At line 288 in file ..\..\..\..\bsp\startup.s
   Uses
      At line 96 in file ..\..\..\..\bsp\startup.s
      At line 230 in file ..\..\..\..\bsp\startup.s

Core1_Issue_IRQHandler 0000002A

Symbol: Core1_Issue_IRQHandler
   Definitions
      At line 289 in file ..\..\..\..\bsp\startup.s
   Uses
      At line 97 in file ..\..\..\..\bsp\startup.s
      At line 231 in file ..\..\..\..\bsp\startup.s

DebugMon_Handler 00000024

Symbol: DebugMon_Handler
   Definitions
      At line 215 in file ..\..\..\..\bsp\startup.s
   Uses
      At line 90 in file ..\..\..\..\bsp\startup.s
      At line 216 in file ..\..\..\..\bsp\startup.s

Default_Handler 0000002A

Symbol: Default_Handler
   Definitions
      At line 228 in file ..\..\..\..\bsp\startup.s
   Uses
      None
Comment: Default_Handler unused
GPIO0_IRQHandler 0000002A

Symbol: GPIO0_IRQHandler
   Definitions
      At line 314 in file ..\..\..\..\bsp\startup.s
   Uses
      At line 122 in file ..\..\..\..\bsp\startup.s
      At line 256 in file ..\..\..\..\bsp\startup.s



ARM Macro Assembler    Page 4 Alphabetic symbol ordering
Relocatable symbols


GPIO1_IRQHandler 0000002A

Symbol: GPIO1_IRQHandler
   Definitions
      At line 315 in file ..\..\..\..\bsp\startup.s
   Uses
      At line 123 in file ..\..\..\..\bsp\startup.s
      At line 257 in file ..\..\..\..\bsp\startup.s

GPIO2_IRQHandler 0000002A

Symbol: GPIO2_IRQHandler
   Definitions
      At line 316 in file ..\..\..\..\bsp\startup.s
   Uses
      At line 124 in file ..\..\..\..\bsp\startup.s
      At line 258 in file ..\..\..\..\bsp\startup.s

GPIO3_IRQHandler 0000002A

Symbol: GPIO3_IRQHandler
   Definitions
      At line 317 in file ..\..\..\..\bsp\startup.s
   Uses
      At line 125 in file ..\..\..\..\bsp\startup.s
      At line 259 in file ..\..\..\..\bsp\startup.s

GPIO4_IRQHandler 0000002A

Symbol: GPIO4_IRQHandler
   Definitions
      At line 318 in file ..\..\..\..\bsp\startup.s
   Uses
      At line 126 in file ..\..\..\..\bsp\startup.s
      At line 260 in file ..\..\..\..\bsp\startup.s

HardFault_Handler 0000001A

Symbol: HardFault_Handler
   Definitions
      At line 191 in file ..\..\..\..\bsp\startup.s
   Uses
      At line 81 in file ..\..\..\..\bsp\startup.s
      At line 192 in file ..\..\..\..\bsp\startup.s

I2C0_IRQHandler 0000002A

Symbol: I2C0_IRQHandler
   Definitions
      At line 319 in file ..\..\..\..\bsp\startup.s
   Uses
      At line 127 in file ..\..\..\..\bsp\startup.s
      At line 261 in file ..\..\..\..\bsp\startup.s

I2C1_IRQHandler 0000002A

Symbol: I2C1_IRQHandler
   Definitions



ARM Macro Assembler    Page 5 Alphabetic symbol ordering
Relocatable symbols

      At line 320 in file ..\..\..\..\bsp\startup.s
   Uses
      At line 128 in file ..\..\..\..\bsp\startup.s
      At line 262 in file ..\..\..\..\bsp\startup.s

I2C2_IRQHandler 0000002A

Symbol: I2C2_IRQHandler
   Definitions
      At line 321 in file ..\..\..\..\bsp\startup.s
   Uses
      At line 129 in file ..\..\..\..\bsp\startup.s
      At line 263 in file ..\..\..\..\bsp\startup.s

I2S0_DMA_IRQHandler 0000002A

Symbol: I2S0_DMA_IRQHandler
   Definitions
      At line 309 in file ..\..\..\..\bsp\startup.s
   Uses
      At line 117 in file ..\..\..\..\bsp\startup.s
      At line 251 in file ..\..\..\..\bsp\startup.s

I2S1_DMA_IRQHandler 0000002A

Symbol: I2S1_DMA_IRQHandler
   Definitions
      At line 310 in file ..\..\..\..\bsp\startup.s
   Uses
      At line 118 in file ..\..\..\..\bsp\startup.s
      At line 252 in file ..\..\..\..\bsp\startup.s

I2S2_DMA_IRQHandler 0000002A

Symbol: I2S2_DMA_IRQHandler
   Definitions
      At line 311 in file ..\..\..\..\bsp\startup.s
   Uses
      At line 119 in file ..\..\..\..\bsp\startup.s
      At line 253 in file ..\..\..\..\bsp\startup.s

I2S3_DMA_IRQHandler 0000002A

Symbol: I2S3_DMA_IRQHandler
   Definitions
      At line 312 in file ..\..\..\..\bsp\startup.s
   Uses
      At line 120 in file ..\..\..\..\bsp\startup.s
      At line 254 in file ..\..\..\..\bsp\startup.s

I2S4_IRQHandler 0000002A

Symbol: I2S4_IRQHandler
   Definitions
      At line 313 in file ..\..\..\..\bsp\startup.s
   Uses
      At line 121 in file ..\..\..\..\bsp\startup.s
      At line 255 in file ..\..\..\..\bsp\startup.s




ARM Macro Assembler    Page 6 Alphabetic symbol ordering
Relocatable symbols

IDMA0_IRQHandler 0000002A

Symbol: IDMA0_IRQHandler
   Definitions
      At line 307 in file ..\..\..\..\bsp\startup.s
   Uses
      At line 115 in file ..\..\..\..\bsp\startup.s
      At line 249 in file ..\..\..\..\bsp\startup.s

IDMA1_IRQHandler 0000002A

Symbol: IDMA1_IRQHandler
   Definitions
      At line 308 in file ..\..\..\..\bsp\startup.s
   Uses
      At line 116 in file ..\..\..\..\bsp\startup.s
      At line 250 in file ..\..\..\..\bsp\startup.s

JPEG_DEC_DMA_IN_IRQHandler 0000002A

Symbol: JPEG_DEC_DMA_IN_IRQHandler
   Definitions
      At line 301 in file ..\..\..\..\bsp\startup.s
   Uses
      At line 109 in file ..\..\..\..\bsp\startup.s
      At line 243 in file ..\..\..\..\bsp\startup.s

JPEG_DEC_DMA_OUT_IRQHandler 0000002A

Symbol: JPEG_DEC_DMA_OUT_IRQHandler
   Definitions
      At line 302 in file ..\..\..\..\bsp\startup.s
   Uses
      At line 110 in file ..\..\..\..\bsp\startup.s
      At line 244 in file ..\..\..\..\bsp\startup.s

JPEG_ENC_DMA_IN_IRQHandler 0000002A

Symbol: JPEG_ENC_DMA_IN_IRQHandler
   Definitions
      At line 343 in file ..\..\..\..\bsp\startup.s
   Uses
      At line 151 in file ..\..\..\..\bsp\startup.s
      At line 285 in file ..\..\..\..\bsp\startup.s

JPEG_ENC_DMA_OUT_IRQHandler 0000002A

Symbol: JPEG_ENC_DMA_OUT_IRQHandler
   Definitions
      At line 344 in file ..\..\..\..\bsp\startup.s
   Uses
      At line 152 in file ..\..\..\..\bsp\startup.s
      At line 286 in file ..\..\..\..\bsp\startup.s

JPEG_ENC_END_IRQHandler 0000002A

Symbol: JPEG_ENC_END_IRQHandler
   Definitions
      At line 300 in file ..\..\..\..\bsp\startup.s



ARM Macro Assembler    Page 7 Alphabetic symbol ordering
Relocatable symbols

   Uses
      At line 108 in file ..\..\..\..\bsp\startup.s
      At line 242 in file ..\..\..\..\bsp\startup.s

MemManage_Handler 0000001C

Symbol: MemManage_Handler
   Definitions
      At line 196 in file ..\..\..\..\bsp\startup.s
   Uses
      At line 82 in file ..\..\..\..\bsp\startup.s
      At line 197 in file ..\..\..\..\bsp\startup.s

NFECC_IRQHandler 0000002A

Symbol: NFECC_IRQHandler
   Definitions
      At line 305 in file ..\..\..\..\bsp\startup.s
   Uses
      At line 113 in file ..\..\..\..\bsp\startup.s
      At line 247 in file ..\..\..\..\bsp\startup.s

NMI_Handler 00000018

Symbol: NMI_Handler
   Definitions
      At line 186 in file ..\..\..\..\bsp\startup.s
   Uses
      At line 80 in file ..\..\..\..\bsp\startup.s
      At line 187 in file ..\..\..\..\bsp\startup.s

PPU_HBLK_IRQHandler 0000002A

Symbol: PPU_HBLK_IRQHandler
   Definitions
      At line 293 in file ..\..\..\..\bsp\startup.s
   Uses
      At line 101 in file ..\..\..\..\bsp\startup.s
      At line 235 in file ..\..\..\..\bsp\startup.s

PPU_VBLK_IRQHandler 0000002A

Symbol: PPU_VBLK_IRQHandler
   Definitions
      At line 292 in file ..\..\..\..\bsp\startup.s
   Uses
      At line 100 in file ..\..\..\..\bsp\startup.s
      At line 234 in file ..\..\..\..\bsp\startup.s

PendSV_Handler 00000026

Symbol: PendSV_Handler
   Definitions
      At line 219 in file ..\..\..\..\bsp\startup.s
   Uses
      At line 92 in file ..\..\..\..\bsp\startup.s
      At line 220 in file ..\..\..\..\bsp\startup.s

RTC_IRQHandler 0000002A



ARM Macro Assembler    Page 8 Alphabetic symbol ordering
Relocatable symbols


Symbol: RTC_IRQHandler
   Definitions
      At line 290 in file ..\..\..\..\bsp\startup.s
   Uses
      At line 98 in file ..\..\..\..\bsp\startup.s
      At line 232 in file ..\..\..\..\bsp\startup.s

Reset_Handler 00000000

Symbol: Reset_Handler
   Definitions
      At line 162 in file ..\..\..\..\bsp\startup.s
   Uses
      At line 79 in file ..\..\..\..\bsp\startup.s
      At line 163 in file ..\..\..\..\bsp\startup.s

SAR_ADC_IRQHandler 0000002A

Symbol: SAR_ADC_IRQHandler
   Definitions
      At line 297 in file ..\..\..\..\bsp\startup.s
   Uses
      At line 105 in file ..\..\..\..\bsp\startup.s
      At line 239 in file ..\..\..\..\bsp\startup.s

SCRIPT_IRQHandler 0000002A

Symbol: SCRIPT_IRQHandler
   Definitions
      At line 340 in file ..\..\..\..\bsp\startup.s
   Uses
      At line 148 in file ..\..\..\..\bsp\startup.s
      At line 282 in file ..\..\..\..\bsp\startup.s

SDIO_DMA_IRQHandler 0000002A

Symbol: SDIO_DMA_IRQHandler
   Definitions
      At line 304 in file ..\..\..\..\bsp\startup.s
   Uses
      At line 112 in file ..\..\..\..\bsp\startup.s
      At line 246 in file ..\..\..\..\bsp\startup.s

SDIO_IRQHandler 0000002A

Symbol: SDIO_IRQHandler
   Definitions
      At line 303 in file ..\..\..\..\bsp\startup.s
   Uses
      At line 111 in file ..\..\..\..\bsp\startup.s
      At line 245 in file ..\..\..\..\bsp\startup.s

SDNF_DMA_IRQHandler 0000002A

Symbol: SDNF_DMA_IRQHandler
   Definitions
      At line 306 in file ..\..\..\..\bsp\startup.s
   Uses



ARM Macro Assembler    Page 9 Alphabetic symbol ordering
Relocatable symbols

      At line 114 in file ..\..\..\..\bsp\startup.s
      At line 248 in file ..\..\..\..\bsp\startup.s

SPI0_DMA_IRQHandler 0000002A

Symbol: SPI0_DMA_IRQHandler
   Definitions
      At line 334 in file ..\..\..\..\bsp\startup.s
   Uses
      At line 142 in file ..\..\..\..\bsp\startup.s
      At line 276 in file ..\..\..\..\bsp\startup.s

SPI0_ECC_IRQHandler 0000002A

Symbol: SPI0_ECC_IRQHandler
   Definitions
      At line 335 in file ..\..\..\..\bsp\startup.s
   Uses
      At line 143 in file ..\..\..\..\bsp\startup.s
      At line 277 in file ..\..\..\..\bsp\startup.s

SPI0_IRQHandler 0000002A

Symbol: SPI0_IRQHandler
   Definitions
      At line 322 in file ..\..\..\..\bsp\startup.s
   Uses
      At line 130 in file ..\..\..\..\bsp\startup.s
      At line 264 in file ..\..\..\..\bsp\startup.s

SPI1_DMA_IRQHandler 0000002A

Symbol: SPI1_DMA_IRQHandler
   Definitions
      At line 336 in file ..\..\..\..\bsp\startup.s
   Uses
      At line 144 in file ..\..\..\..\bsp\startup.s
      At line 278 in file ..\..\..\..\bsp\startup.s

SPI1_ECC_IRQHandler 0000002A

Symbol: SPI1_ECC_IRQHandler
   Definitions
      At line 337 in file ..\..\..\..\bsp\startup.s
   Uses
      At line 145 in file ..\..\..\..\bsp\startup.s
      At line 279 in file ..\..\..\..\bsp\startup.s

SPI1_IRQHandler 0000002A

Symbol: SPI1_IRQHandler
   Definitions
      At line 323 in file ..\..\..\..\bsp\startup.s
   Uses
      At line 131 in file ..\..\..\..\bsp\startup.s
      At line 265 in file ..\..\..\..\bsp\startup.s

SVC_Handler 00000022




ARM Macro Assembler    Page 10 Alphabetic symbol ordering
Relocatable symbols

Symbol: SVC_Handler
   Definitions
      At line 210 in file ..\..\..\..\bsp\startup.s
   Uses
      At line 89 in file ..\..\..\..\bsp\startup.s
      At line 211 in file ..\..\..\..\bsp\startup.s

SysTick_Handler 00000028

Symbol: SysTick_Handler
   Definitions
      At line 223 in file ..\..\..\..\bsp\startup.s
   Uses
      At line 93 in file ..\..\..\..\bsp\startup.s
      At line 224 in file ..\..\..\..\bsp\startup.s

UART0_IRQHandler 0000002A

Symbol: UART0_IRQHandler
   Definitions
      At line 324 in file ..\..\..\..\bsp\startup.s
   Uses
      At line 132 in file ..\..\..\..\bsp\startup.s
      At line 266 in file ..\..\..\..\bsp\startup.s

UART1_IRQHandler 0000002A

Symbol: UART1_IRQHandler
   Definitions
      At line 325 in file ..\..\..\..\bsp\startup.s
   Uses
      At line 133 in file ..\..\..\..\bsp\startup.s
      At line 267 in file ..\..\..\..\bsp\startup.s

USBDEV_IRQHandler 0000002A

Symbol: USBDEV_IRQHandler
   Definitions
      At line 294 in file ..\..\..\..\bsp\startup.s
   Uses
      At line 102 in file ..\..\..\..\bsp\startup.s
      At line 236 in file ..\..\..\..\bsp\startup.s

USB_HOST0_IRQHandler 0000002A

Symbol: USB_HOST0_IRQHandler
   Definitions
      At line 295 in file ..\..\..\..\bsp\startup.s
   Uses
      At line 103 in file ..\..\..\..\bsp\startup.s
      At line 237 in file ..\..\..\..\bsp\startup.s

USB_HOST1_IRQHandler 0000002A

Symbol: USB_HOST1_IRQHandler
   Definitions
      At line 296 in file ..\..\..\..\bsp\startup.s
   Uses
      At line 104 in file ..\..\..\..\bsp\startup.s



ARM Macro Assembler    Page 11 Alphabetic symbol ordering
Relocatable symbols

      At line 238 in file ..\..\..\..\bsp\startup.s

USB_suspend_IRQHandler 0000002A

Symbol: USB_suspend_IRQHandler
   Definitions
      At line 342 in file ..\..\..\..\bsp\startup.s
   Uses
      At line 150 in file ..\..\..\..\bsp\startup.s
      At line 284 in file ..\..\..\..\bsp\startup.s

UsageFault_Handler 00000020

Symbol: UsageFault_Handler
   Definitions
      At line 206 in file ..\..\..\..\bsp\startup.s
   Uses
      At line 84 in file ..\..\..\..\bsp\startup.s
      At line 207 in file ..\..\..\..\bsp\startup.s

WKP_IRQHandler 00000016

Symbol: WKP_IRQHandler
   Definitions
      At line 179 in file ..\..\..\..\bsp\startup.s
   Uses
      At line 99 in file ..\..\..\..\bsp\startup.s
      At line 180 in file ..\..\..\..\bsp\startup.s

__user_initial_stackheap 0000002C

Symbol: __user_initial_stackheap
   Definitions
      At line 367 in file ..\..\..\..\bsp\startup.s
   Uses
      At line 365 in file ..\..\..\..\bsp\startup.s
Comment: __user_initial_stackheap used once
70 symbols



ARM Macro Assembler    Page 1 Alphabetic symbol ordering
Absolute symbols

Heap_Size 00001000

Symbol: Heap_Size
   Definitions
      At line 59 in file ..\..\..\..\bsp\startup.s
   Uses
      At line 63 in file ..\..\..\..\bsp\startup.s
      At line 370 in file ..\..\..\..\bsp\startup.s

Stack_Size 00001000

Symbol: Stack_Size
   Definitions
      At line 48 in file ..\..\..\..\bsp\startup.s
   Uses
      At line 49 in file ..\..\..\..\bsp\startup.s
      At line 52 in file ..\..\..\..\bsp\startup.s
      At line 369 in file ..\..\..\..\bsp\startup.s

__Vectors_Size 00000124

Symbol: __Vectors_Size
   Definitions
      At line 155 in file ..\..\..\..\bsp\startup.s
   Uses
      At line 76 in file ..\..\..\..\bsp\startup.s
Comment: __Vectors_Size used once
3 symbols



ARM Macro Assembler    Page 1 Alphabetic symbol ordering
External symbols

System_Init 00000000

Symbol: System_Init
   Definitions
      At line 164 in file ..\..\..\..\bsp\startup.s
   Uses
      At line 172 in file ..\..\..\..\bsp\startup.s
Comment: System_Init used once
__main 00000000

Symbol: __main
   Definitions
      At line 165 in file ..\..\..\..\bsp\startup.s
   Uses
      At line 174 in file ..\..\..\..\bsp\startup.s
Comment: __main used once
__use_two_region_memory 00000000

Symbol: __use_two_region_memory
   Definitions
      At line 364 in file ..\..\..\..\bsp\startup.s
   Uses
      None
Comment: __use_two_region_memory unused
3 symbols
421 symbols in table
